
2024-04-10 12:37:38 Apache Commons Daemon procrun stderr initialized.
10-Apr-2024 12:37:39.753 INFO [main] org.apache.catalina.startup.VersionLoggerListener.log Server version name:   Apache Tomcat/9.0.87
10-Apr-2024 12:37:39.761 INFO [main] org.apache.catalina.startup.VersionLoggerListener.log Server built:          Mar 11 2024 10:12:34 UTC
10-Apr-2024 12:37:39.761 INFO [main] org.apache.catalina.startup.VersionLoggerListener.log Server version number: 9.0.87.0
10-Apr-2024 12:37:39.762 INFO [main] org.apache.catalina.startup.VersionLoggerListener.log OS Name:               Windows 10
10-Apr-2024 12:37:39.762 INFO [main] org.apache.catalina.startup.VersionLoggerListener.log OS Version:            10.0
10-Apr-2024 12:37:39.762 INFO [main] org.apache.catalina.startup.VersionLoggerListener.log Architecture:          amd64
10-Apr-2024 12:37:39.763 INFO [main] org.apache.catalina.startup.VersionLoggerListener.log Java Home:             C:\Program Files\Java\jdk-21
10-Apr-2024 12:37:39.763 INFO [main] org.apache.catalina.startup.VersionLoggerListener.log JVM Version:           21.0.2+13-LTS-58
10-Apr-2024 12:37:39.763 INFO [main] org.apache.catalina.startup.VersionLoggerListener.log JVM Vendor:            Oracle Corporation
10-Apr-2024 12:37:39.763 INFO [main] org.apache.catalina.startup.VersionLoggerListener.log CATALINA_BASE:         C:\tomcat_servers\apache_tomcat_9_0_87
10-Apr-2024 12:37:39.763 INFO [main] org.apache.catalina.startup.VersionLoggerListener.log CATALINA_HOME:         C:\tomcat_servers\apache_tomcat_9_0_87
10-Apr-2024 12:37:39.789 INFO [main] org.apache.catalina.startup.VersionLoggerListener.log Command line argument: -Dcatalina.home=C:\tomcat_servers\apache_tomcat_9_0_87
10-Apr-2024 12:37:39.789 INFO [main] org.apache.catalina.startup.VersionLoggerListener.log Command line argument: -Dcatalina.base=C:\tomcat_servers\apache_tomcat_9_0_87
10-Apr-2024 12:37:39.789 INFO [main] org.apache.catalina.startup.VersionLoggerListener.log Command line argument: -Dignore.endorsed.dirs=C:\tomcat_servers\apache_tomcat_9_0_87\endorsed
10-Apr-2024 12:37:39.789 INFO [main] org.apache.catalina.startup.VersionLoggerListener.log Command line argument: -Djava.io.tmpdir=C:\tomcat_servers\apache_tomcat_9_0_87\temp
10-Apr-2024 12:37:39.789 INFO [main] org.apache.catalina.startup.VersionLoggerListener.log Command line argument: -Djava.util.logging.manager=org.apache.juli.ClassLoaderLogManager
10-Apr-2024 12:37:39.789 INFO [main] org.apache.catalina.startup.VersionLoggerListener.log Command line argument: -Djava.util.logging.config.file=C:\tomcat_servers\apache_tomcat_9_0_87\conf\logging.properties
10-Apr-2024 12:37:39.789 INFO [main] org.apache.catalina.startup.VersionLoggerListener.log Command line argument: --add-opens=java.base/java.lang=ALL-UNNAMED
10-Apr-2024 12:37:39.789 INFO [main] org.apache.catalina.startup.VersionLoggerListener.log Command line argument: --add-opens=java.base/java.io=ALL-UNNAMED
10-Apr-2024 12:37:39.790 INFO [main] org.apache.catalina.startup.VersionLoggerListener.log Command line argument: --add-opens=java.base/java.util=ALL-UNNAMED
10-Apr-2024 12:37:39.790 INFO [main] org.apache.catalina.startup.VersionLoggerListener.log Command line argument: --add-opens=java.base/java.util.concurrent=ALL-UNNAMED
10-Apr-2024 12:37:39.790 INFO [main] org.apache.catalina.startup.VersionLoggerListener.log Command line argument: --add-opens=java.rmi/sun.rmi.transport=ALL-UNNAMED
10-Apr-2024 12:37:39.790 INFO [main] org.apache.catalina.startup.VersionLoggerListener.log Command line argument: exit
10-Apr-2024 12:37:39.790 INFO [main] org.apache.catalina.startup.VersionLoggerListener.log Command line argument: abort
10-Apr-2024 12:37:39.791 INFO [main] org.apache.catalina.startup.VersionLoggerListener.log Command line argument: -Xms128m
10-Apr-2024 12:37:39.791 INFO [main] org.apache.catalina.startup.VersionLoggerListener.log Command line argument: -Xmx256m
10-Apr-2024 12:37:39.815 INFO [main] org.apache.catalina.core.AprLifecycleListener.lifecycleEvent Loaded Apache Tomcat Native library [1.3.0] using APR version [1.7.4].
10-Apr-2024 12:37:39.815 INFO [main] org.apache.catalina.core.AprLifecycleListener.lifecycleEvent APR capabilities: IPv6 [true], sendfile [true], accept filters [false], random [true], UDS [true].
10-Apr-2024 12:37:39.815 INFO [main] org.apache.catalina.core.AprLifecycleListener.lifecycleEvent APR/OpenSSL configuration: useAprConnector [false], useOpenSSL [true]
10-Apr-2024 12:37:39.837 INFO [main] org.apache.catalina.core.AprLifecycleListener.initializeSSL OpenSSL successfully initialized [OpenSSL 3.0.13 30 Jan 2024]
10-Apr-2024 12:37:40.303 INFO [main] org.apache.coyote.AbstractProtocol.init Initializing ProtocolHandler ["http-nio-8072"]
10-Apr-2024 12:37:40.349 INFO [main] org.apache.catalina.startup.Catalina.load Server initialization in [890] milliseconds
10-Apr-2024 12:37:40.423 INFO [main] org.apache.catalina.core.StandardService.startInternal Starting service [Catalina]
10-Apr-2024 12:37:40.423 INFO [main] org.apache.catalina.core.StandardEngine.startInternal Starting Servlet engine: [Apache Tomcat/9.0.87]
10-Apr-2024 12:37:40.449 INFO [main] org.apache.catalina.startup.HostConfig.deployWAR Deploying web application archive [C:\tomcat_servers\apache_tomcat_9_0_87\webapps\java_servlets.war]
10-Apr-2024 12:37:41.076 INFO [main] org.apache.catalina.startup.HostConfig.deployWAR Deployment of web application archive [C:\tomcat_servers\apache_tomcat_9_0_87\webapps\java_servlets.war] has finished in [626] ms
10-Apr-2024 12:37:41.078 INFO [main] org.apache.catalina.startup.HostConfig.deployDirectory Deploying web application directory [C:\tomcat_servers\apache_tomcat_9_0_87\webapps\docs]
10-Apr-2024 12:37:41.135 INFO [main] org.apache.catalina.startup.HostConfig.deployDirectory Deployment of web application directory [C:\tomcat_servers\apache_tomcat_9_0_87\webapps\docs] has finished in [56] ms
10-Apr-2024 12:37:41.135 INFO [main] org.apache.catalina.startup.HostConfig.deployDirectory Deploying web application directory [C:\tomcat_servers\apache_tomcat_9_0_87\webapps\examples]
10-Apr-2024 12:37:41.790 INFO [main] org.apache.catalina.startup.HostConfig.deployDirectory Deployment of web application directory [C:\tomcat_servers\apache_tomcat_9_0_87\webapps\examples] has finished in [655] ms
10-Apr-2024 12:37:41.791 INFO [main] org.apache.catalina.startup.HostConfig.deployDirectory Deploying web application directory [C:\tomcat_servers\apache_tomcat_9_0_87\webapps\host-manager]
10-Apr-2024 12:37:41.842 INFO [main] org.apache.catalina.startup.HostConfig.deployDirectory Deployment of web application directory [C:\tomcat_servers\apache_tomcat_9_0_87\webapps\host-manager] has finished in [51] ms
10-Apr-2024 12:37:41.843 INFO [main] org.apache.catalina.startup.HostConfig.deployDirectory Deploying web application directory [C:\tomcat_servers\apache_tomcat_9_0_87\webapps\manager]
10-Apr-2024 12:37:41.902 INFO [main] org.apache.catalina.startup.HostConfig.deployDirectory Deployment of web application directory [C:\tomcat_servers\apache_tomcat_9_0_87\webapps\manager] has finished in [58] ms
10-Apr-2024 12:37:41.902 INFO [main] org.apache.catalina.startup.HostConfig.deployDirectory Deploying web application directory [C:\tomcat_servers\apache_tomcat_9_0_87\webapps\ROOT]
10-Apr-2024 12:37:41.935 INFO [main] org.apache.catalina.startup.HostConfig.deployDirectory Deployment of web application directory [C:\tomcat_servers\apache_tomcat_9_0_87\webapps\ROOT] has finished in [33] ms
10-Apr-2024 12:37:41.942 INFO [main] org.apache.coyote.AbstractProtocol.start Starting ProtocolHandler ["http-nio-8072"]
10-Apr-2024 12:37:41.986 INFO [main] org.apache.catalina.startup.Catalina.start Server startup in [1634] milliseconds
10-Apr-2024 12:38:42.534 INFO [http-nio-8072-exec-2] org.apache.catalina.startup.HostConfig.deployWAR Deploying web application archive [C:\tomcat_servers\apache_tomcat_9_0_87\webapps\project_customer_app.war]
10-Apr-2024 12:38:43.121 INFO [http-nio-8072-exec-2] org.apache.jasper.servlet.TldScanner.scanJars At least one JAR was scanned for TLDs yet contained no TLDs. Enable debug logging for this logger for a complete list of JARs that were scanned but no TLDs were found in them. Skipping unneeded JARs during scanning can improve startup time and JSP compilation time.
10-Apr-2024 12:38:43.124 INFO [http-nio-8072-exec-2] org.apache.catalina.startup.HostConfig.deployWAR Deployment of web application archive [C:\tomcat_servers\apache_tomcat_9_0_87\webapps\project_customer_app.war] has finished in [590] ms
java.io.FileNotFoundException: .\src\main\resources\db.properties (The system cannot find the path specified)
	at java.base/java.io.FileInputStream.open0(Native Method)
	at java.base/java.io.FileInputStream.open(FileInputStream.java:213)
	at java.base/java.io.FileInputStream.<init>(FileInputStream.java:152)
	at java.base/java.io.FileInputStream.<init>(FileInputStream.java:106)
	at lt.mindaugas.customer_app.DatabaseConnector.getProperties(DatabaseConnector.java:21)
	at lt.mindaugas.customer_app.DatabaseConnector.<init>(DatabaseConnector.java:17)
	at lt.mindaugas.customer_app.CustomerService.<init>(CustomerService.java:13)
	at lt.mindaugas.customer_app.CustomerListServlet.<init>(CustomerListServlet.java:19)
	at java.base/jdk.internal.reflect.DirectConstructorHandleAccessor.newInstance(DirectConstructorHandleAccessor.java:62)
	at java.base/java.lang.reflect.Constructor.newInstanceWithCaller(Constructor.java:502)
	at java.base/java.lang.reflect.Constructor.newInstance(Constructor.java:486)
	at org.apache.catalina.core.DefaultInstanceManager.newInstance(DefaultInstanceManager.java:143)
	at org.apache.catalina.core.StandardWrapper.loadServlet(StandardWrapper.java:1020)
	at org.apache.catalina.core.StandardWrapper.allocate(StandardWrapper.java:747)
	at org.apache.catalina.core.StandardWrapperValve.invoke(StandardWrapperValve.java:116)
	at org.apache.catalina.core.StandardContextValve.invoke(StandardContextValve.java:90)
	at org.apache.catalina.authenticator.AuthenticatorBase.invoke(AuthenticatorBase.java:481)
	at org.apache.catalina.core.StandardHostValve.invoke(StandardHostValve.java:130)
	at org.apache.catalina.valves.ErrorReportValve.invoke(ErrorReportValve.java:93)
	at org.apache.catalina.valves.AbstractAccessLogValve.invoke(AbstractAccessLogValve.java:670)
	at org.apache.catalina.core.StandardEngineValve.invoke(StandardEngineValve.java:74)
	at org.apache.catalina.connector.CoyoteAdapter.service(CoyoteAdapter.java:346)
	at org.apache.coyote.http11.Http11Processor.service(Http11Processor.java:390)
	at org.apache.coyote.AbstractProcessorLight.process(AbstractProcessorLight.java:63)
	at org.apache.coyote.AbstractProtocol$ConnectionHandler.process(AbstractProtocol.java:928)
	at org.apache.tomcat.util.net.NioEndpoint$SocketProcessor.doRun(NioEndpoint.java:1786)
	at org.apache.tomcat.util.net.SocketProcessorBase.run(SocketProcessorBase.java:52)
	at org.apache.tomcat.util.threads.ThreadPoolExecutor.runWorker(ThreadPoolExecutor.java:1191)
	at org.apache.tomcat.util.threads.ThreadPoolExecutor$Worker.run(ThreadPoolExecutor.java:659)
	at org.apache.tomcat.util.threads.TaskThread$WrappingRunnable.run(TaskThread.java:63)
	at java.base/java.lang.Thread.run(Thread.java:1583)
java.sql.SQLException: No suitable driver found for null/first_database
	at java.sql/java.sql.DriverManager.getConnection(DriverManager.java:708)
	at java.sql/java.sql.DriverManager.getConnection(DriverManager.java:230)
	at lt.mindaugas.customer_app.DatabaseConnector.getConnection(DatabaseConnector.java:33)
	at lt.mindaugas.customer_app.CustomerService.getAllCustomers(CustomerService.java:21)
	at lt.mindaugas.customer_app.CustomerListServlet.doGet(CustomerListServlet.java:27)
	at javax.servlet.http.HttpServlet.service(HttpServlet.java:529)
	at javax.servlet.http.HttpServlet.service(HttpServlet.java:623)
	at org.apache.catalina.core.ApplicationFilterChain.internalDoFilter(ApplicationFilterChain.java:210)
	at org.apache.catalina.core.ApplicationFilterChain.doFilter(ApplicationFilterChain.java:154)
	at org.apache.tomcat.websocket.server.WsFilter.doFilter(WsFilter.java:51)
	at org.apache.catalina.core.ApplicationFilterChain.internalDoFilter(ApplicationFilterChain.java:179)
	at org.apache.catalina.core.ApplicationFilterChain.doFilter(ApplicationFilterChain.java:154)
	at org.apache.catalina.core.StandardWrapperValve.invoke(StandardWrapperValve.java:168)
	at org.apache.catalina.core.StandardContextValve.invoke(StandardContextValve.java:90)
	at org.apache.catalina.authenticator.AuthenticatorBase.invoke(AuthenticatorBase.java:481)
	at org.apache.catalina.core.StandardHostValve.invoke(StandardHostValve.java:130)
	at org.apache.catalina.valves.ErrorReportValve.invoke(ErrorReportValve.java:93)
	at org.apache.catalina.valves.AbstractAccessLogValve.invoke(AbstractAccessLogValve.java:670)
	at org.apache.catalina.core.StandardEngineValve.invoke(StandardEngineValve.java:74)
	at org.apache.catalina.connector.CoyoteAdapter.service(CoyoteAdapter.java:346)
	at org.apache.coyote.http11.Http11Processor.service(Http11Processor.java:390)
	at org.apache.coyote.AbstractProcessorLight.process(AbstractProcessorLight.java:63)
	at org.apache.coyote.AbstractProtocol$ConnectionHandler.process(AbstractProtocol.java:928)
	at org.apache.tomcat.util.net.NioEndpoint$SocketProcessor.doRun(NioEndpoint.java:1786)
	at org.apache.tomcat.util.net.SocketProcessorBase.run(SocketProcessorBase.java:52)
	at org.apache.tomcat.util.threads.ThreadPoolExecutor.runWorker(ThreadPoolExecutor.java:1191)
	at org.apache.tomcat.util.threads.ThreadPoolExecutor$Worker.run(ThreadPoolExecutor.java:659)
	at org.apache.tomcat.util.threads.TaskThread$WrappingRunnable.run(TaskThread.java:63)
	at java.base/java.lang.Thread.run(Thread.java:1583)
java.sql.SQLException: No suitable driver found for null/first_database
	at java.sql/java.sql.DriverManager.getConnection(DriverManager.java:708)
	at java.sql/java.sql.DriverManager.getConnection(DriverManager.java:230)
	at lt.mindaugas.customer_app.DatabaseConnector.getConnection(DatabaseConnector.java:33)
	at lt.mindaugas.customer_app.CustomerService.getAllCustomers(CustomerService.java:21)
	at lt.mindaugas.customer_app.CustomerListServlet.doGet(CustomerListServlet.java:27)
	at javax.servlet.http.HttpServlet.service(HttpServlet.java:529)
	at javax.servlet.http.HttpServlet.service(HttpServlet.java:623)
	at org.apache.catalina.core.ApplicationFilterChain.internalDoFilter(ApplicationFilterChain.java:210)
	at org.apache.catalina.core.ApplicationFilterChain.doFilter(ApplicationFilterChain.java:154)
	at org.apache.tomcat.websocket.server.WsFilter.doFilter(WsFilter.java:51)
	at org.apache.catalina.core.ApplicationFilterChain.internalDoFilter(ApplicationFilterChain.java:179)
	at org.apache.catalina.core.ApplicationFilterChain.doFilter(ApplicationFilterChain.java:154)
	at org.apache.catalina.core.StandardWrapperValve.invoke(StandardWrapperValve.java:168)
	at org.apache.catalina.core.StandardContextValve.invoke(StandardContextValve.java:90)
	at org.apache.catalina.authenticator.AuthenticatorBase.invoke(AuthenticatorBase.java:481)
	at org.apache.catalina.core.StandardHostValve.invoke(StandardHostValve.java:130)
	at org.apache.catalina.valves.ErrorReportValve.invoke(ErrorReportValve.java:93)
	at org.apache.catalina.valves.AbstractAccessLogValve.invoke(AbstractAccessLogValve.java:670)
	at org.apache.catalina.core.StandardEngineValve.invoke(StandardEngineValve.java:74)
	at org.apache.catalina.connector.CoyoteAdapter.service(CoyoteAdapter.java:346)
	at org.apache.coyote.http11.Http11Processor.service(Http11Processor.java:390)
	at org.apache.coyote.AbstractProcessorLight.process(AbstractProcessorLight.java:63)
	at org.apache.coyote.AbstractProtocol$ConnectionHandler.process(AbstractProtocol.java:928)
	at org.apache.tomcat.util.net.NioEndpoint$SocketProcessor.doRun(NioEndpoint.java:1786)
	at org.apache.tomcat.util.net.SocketProcessorBase.run(SocketProcessorBase.java:52)
	at org.apache.tomcat.util.threads.ThreadPoolExecutor.runWorker(ThreadPoolExecutor.java:1191)
	at org.apache.tomcat.util.threads.ThreadPoolExecutor$Worker.run(ThreadPoolExecutor.java:659)
	at org.apache.tomcat.util.threads.TaskThread$WrappingRunnable.run(TaskThread.java:63)
	at java.base/java.lang.Thread.run(Thread.java:1583)
java.sql.SQLException: No suitable driver found for null/first_database
	at java.sql/java.sql.DriverManager.getConnection(DriverManager.java:708)
	at java.sql/java.sql.DriverManager.getConnection(DriverManager.java:230)
	at lt.mindaugas.customer_app.DatabaseConnector.getConnection(DatabaseConnector.java:33)
	at lt.mindaugas.customer_app.CustomerService.getAllCustomers(CustomerService.java:21)
	at lt.mindaugas.customer_app.CustomerListServlet.doGet(CustomerListServlet.java:27)
	at javax.servlet.http.HttpServlet.service(HttpServlet.java:529)
	at javax.servlet.http.HttpServlet.service(HttpServlet.java:623)
	at org.apache.catalina.core.ApplicationFilterChain.internalDoFilter(ApplicationFilterChain.java:210)
	at org.apache.catalina.core.ApplicationFilterChain.doFilter(ApplicationFilterChain.java:154)
	at org.apache.tomcat.websocket.server.WsFilter.doFilter(WsFilter.java:51)
	at org.apache.catalina.core.ApplicationFilterChain.internalDoFilter(ApplicationFilterChain.java:179)
	at org.apache.catalina.core.ApplicationFilterChain.doFilter(ApplicationFilterChain.java:154)
	at org.apache.catalina.core.StandardWrapperValve.invoke(StandardWrapperValve.java:168)
	at org.apache.catalina.core.StandardContextValve.invoke(StandardContextValve.java:90)
	at org.apache.catalina.authenticator.AuthenticatorBase.invoke(AuthenticatorBase.java:481)
	at org.apache.catalina.core.StandardHostValve.invoke(StandardHostValve.java:130)
	at org.apache.catalina.valves.ErrorReportValve.invoke(ErrorReportValve.java:93)
	at org.apache.catalina.valves.AbstractAccessLogValve.invoke(AbstractAccessLogValve.java:670)
	at org.apache.catalina.core.StandardEngineValve.invoke(StandardEngineValve.java:74)
	at org.apache.catalina.connector.CoyoteAdapter.service(CoyoteAdapter.java:346)
	at org.apache.coyote.http11.Http11Processor.service(Http11Processor.java:390)
	at org.apache.coyote.AbstractProcessorLight.process(AbstractProcessorLight.java:63)
	at org.apache.coyote.AbstractProtocol$ConnectionHandler.process(AbstractProtocol.java:928)
	at org.apache.tomcat.util.net.NioEndpoint$SocketProcessor.doRun(NioEndpoint.java:1786)
	at org.apache.tomcat.util.net.SocketProcessorBase.run(SocketProcessorBase.java:52)
	at org.apache.tomcat.util.threads.ThreadPoolExecutor.runWorker(ThreadPoolExecutor.java:1191)
	at org.apache.tomcat.util.threads.ThreadPoolExecutor$Worker.run(ThreadPoolExecutor.java:659)
	at org.apache.tomcat.util.threads.TaskThread$WrappingRunnable.run(TaskThread.java:63)
	at java.base/java.lang.Thread.run(Thread.java:1583)
10-Apr-2024 12:43:36.577 INFO [http-nio-8072-exec-4] org.apache.catalina.startup.HostConfig.undeploy Undeploying context [/project_customer_app]
10-Apr-2024 12:43:43.859 INFO [http-nio-8072-exec-3] org.apache.catalina.startup.HostConfig.deployWAR Deploying web application archive [C:\tomcat_servers\apache_tomcat_9_0_87\webapps\project_customer_app.war]
10-Apr-2024 12:43:44.293 INFO [http-nio-8072-exec-3] org.apache.jasper.servlet.TldScanner.scanJars At least one JAR was scanned for TLDs yet contained no TLDs. Enable debug logging for this logger for a complete list of JARs that were scanned but no TLDs were found in them. Skipping unneeded JARs during scanning can improve startup time and JSP compilation time.
10-Apr-2024 12:43:44.297 INFO [http-nio-8072-exec-3] org.apache.catalina.startup.HostConfig.deployWAR Deployment of web application archive [C:\tomcat_servers\apache_tomcat_9_0_87\webapps\project_customer_app.war] has finished in [438] ms
java.io.FileNotFoundException: .\src\main\resources\db.properties (The system cannot find the path specified)
	at java.base/java.io.FileInputStream.open0(Native Method)
	at java.base/java.io.FileInputStream.open(FileInputStream.java:213)
	at java.base/java.io.FileInputStream.<init>(FileInputStream.java:152)
	at java.base/java.io.FileInputStream.<init>(FileInputStream.java:106)
	at lt.mindaugas.customer_app.DatabaseConnector.getProperties(DatabaseConnector.java:21)
	at lt.mindaugas.customer_app.DatabaseConnector.<init>(DatabaseConnector.java:17)
	at lt.mindaugas.customer_app.CustomerService.<init>(CustomerService.java:13)
	at lt.mindaugas.customer_app.CustomerListServlet.<init>(CustomerListServlet.java:19)
	at java.base/jdk.internal.reflect.DirectConstructorHandleAccessor.newInstance(DirectConstructorHandleAccessor.java:62)
	at java.base/java.lang.reflect.Constructor.newInstanceWithCaller(Constructor.java:502)
	at java.base/java.lang.reflect.Constructor.newInstance(Constructor.java:486)
	at org.apache.catalina.core.DefaultInstanceManager.newInstance(DefaultInstanceManager.java:143)
	at org.apache.catalina.core.StandardWrapper.loadServlet(StandardWrapper.java:1020)
	at org.apache.catalina.core.StandardWrapper.allocate(StandardWrapper.java:747)
	at org.apache.catalina.core.StandardWrapperValve.invoke(StandardWrapperValve.java:116)
	at org.apache.catalina.core.StandardContextValve.invoke(StandardContextValve.java:90)
	at org.apache.catalina.authenticator.AuthenticatorBase.invoke(AuthenticatorBase.java:481)
	at org.apache.catalina.core.StandardHostValve.invoke(StandardHostValve.java:130)
	at org.apache.catalina.valves.ErrorReportValve.invoke(ErrorReportValve.java:93)
	at org.apache.catalina.valves.AbstractAccessLogValve.invoke(AbstractAccessLogValve.java:670)
	at org.apache.catalina.core.StandardEngineValve.invoke(StandardEngineValve.java:74)
	at org.apache.catalina.connector.CoyoteAdapter.service(CoyoteAdapter.java:346)
	at org.apache.coyote.http11.Http11Processor.service(Http11Processor.java:390)
	at org.apache.coyote.AbstractProcessorLight.process(AbstractProcessorLight.java:63)
	at org.apache.coyote.AbstractProtocol$ConnectionHandler.process(AbstractProtocol.java:928)
	at org.apache.tomcat.util.net.NioEndpoint$SocketProcessor.doRun(NioEndpoint.java:1786)
	at org.apache.tomcat.util.net.SocketProcessorBase.run(SocketProcessorBase.java:52)
	at org.apache.tomcat.util.threads.ThreadPoolExecutor.runWorker(ThreadPoolExecutor.java:1191)
	at org.apache.tomcat.util.threads.ThreadPoolExecutor$Worker.run(ThreadPoolExecutor.java:659)
	at org.apache.tomcat.util.threads.TaskThread$WrappingRunnable.run(TaskThread.java:63)
	at java.base/java.lang.Thread.run(Thread.java:1583)
java.sql.SQLException: No suitable driver found for null/first_database
	at java.sql/java.sql.DriverManager.getConnection(DriverManager.java:708)
	at java.sql/java.sql.DriverManager.getConnection(DriverManager.java:230)
	at lt.mindaugas.customer_app.DatabaseConnector.getConnection(DatabaseConnector.java:33)
	at lt.mindaugas.customer_app.CustomerService.getAllCustomers(CustomerService.java:21)
	at lt.mindaugas.customer_app.CustomerListServlet.doGet(CustomerListServlet.java:27)
	at javax.servlet.http.HttpServlet.service(HttpServlet.java:529)
	at javax.servlet.http.HttpServlet.service(HttpServlet.java:623)
	at org.apache.catalina.core.ApplicationFilterChain.internalDoFilter(ApplicationFilterChain.java:210)
	at org.apache.catalina.core.ApplicationFilterChain.doFilter(ApplicationFilterChain.java:154)
	at org.apache.tomcat.websocket.server.WsFilter.doFilter(WsFilter.java:51)
	at org.apache.catalina.core.ApplicationFilterChain.internalDoFilter(ApplicationFilterChain.java:179)
	at org.apache.catalina.core.ApplicationFilterChain.doFilter(ApplicationFilterChain.java:154)
	at org.apache.catalina.core.StandardWrapperValve.invoke(StandardWrapperValve.java:168)
	at org.apache.catalina.core.StandardContextValve.invoke(StandardContextValve.java:90)
	at org.apache.catalina.authenticator.AuthenticatorBase.invoke(AuthenticatorBase.java:481)
	at org.apache.catalina.core.StandardHostValve.invoke(StandardHostValve.java:130)
	at org.apache.catalina.valves.ErrorReportValve.invoke(ErrorReportValve.java:93)
	at org.apache.catalina.valves.AbstractAccessLogValve.invoke(AbstractAccessLogValve.java:670)
	at org.apache.catalina.core.StandardEngineValve.invoke(StandardEngineValve.java:74)
	at org.apache.catalina.connector.CoyoteAdapter.service(CoyoteAdapter.java:346)
	at org.apache.coyote.http11.Http11Processor.service(Http11Processor.java:390)
	at org.apache.coyote.AbstractProcessorLight.process(AbstractProcessorLight.java:63)
	at org.apache.coyote.AbstractProtocol$ConnectionHandler.process(AbstractProtocol.java:928)
	at org.apache.tomcat.util.net.NioEndpoint$SocketProcessor.doRun(NioEndpoint.java:1786)
	at org.apache.tomcat.util.net.SocketProcessorBase.run(SocketProcessorBase.java:52)
	at org.apache.tomcat.util.threads.ThreadPoolExecutor.runWorker(ThreadPoolExecutor.java:1191)
	at org.apache.tomcat.util.threads.ThreadPoolExecutor$Worker.run(ThreadPoolExecutor.java:659)
	at org.apache.tomcat.util.threads.TaskThread$WrappingRunnable.run(TaskThread.java:63)
	at java.base/java.lang.Thread.run(Thread.java:1583)
10-Apr-2024 12:55:30.954 INFO [http-nio-8072-exec-13] org.apache.catalina.startup.HostConfig.undeploy Undeploying context [/project_customer_app]
10-Apr-2024 12:55:38.666 INFO [http-nio-8072-exec-14] org.apache.catalina.startup.HostConfig.deployWAR Deploying web application archive [C:\tomcat_servers\apache_tomcat_9_0_87\webapps\project_customer_app.war]
10-Apr-2024 12:55:39.107 INFO [http-nio-8072-exec-14] org.apache.jasper.servlet.TldScanner.scanJars At least one JAR was scanned for TLDs yet contained no TLDs. Enable debug logging for this logger for a complete list of JARs that were scanned but no TLDs were found in them. Skipping unneeded JARs during scanning can improve startup time and JSP compilation time.
10-Apr-2024 12:55:39.112 INFO [http-nio-8072-exec-14] org.apache.catalina.startup.HostConfig.deployWAR Deployment of web application archive [C:\tomcat_servers\apache_tomcat_9_0_87\webapps\project_customer_app.war] has finished in [446] ms
java.io.FileNotFoundException: .\WEB-INF\classes (The system cannot find the path specified)
	at java.base/java.io.FileInputStream.open0(Native Method)
	at java.base/java.io.FileInputStream.open(FileInputStream.java:213)
	at java.base/java.io.FileInputStream.<init>(FileInputStream.java:152)
	at java.base/java.io.FileInputStream.<init>(FileInputStream.java:106)
	at lt.mindaugas.customer_app.DatabaseConnector.getProperties(DatabaseConnector.java:22)
	at lt.mindaugas.customer_app.DatabaseConnector.<init>(DatabaseConnector.java:17)
	at lt.mindaugas.customer_app.CustomerService.<init>(CustomerService.java:13)
	at lt.mindaugas.customer_app.CustomerListServlet.<init>(CustomerListServlet.java:19)
	at java.base/jdk.internal.reflect.DirectConstructorHandleAccessor.newInstance(DirectConstructorHandleAccessor.java:62)
	at java.base/java.lang.reflect.Constructor.newInstanceWithCaller(Constructor.java:502)
	at java.base/java.lang.reflect.Constructor.newInstance(Constructor.java:486)
	at org.apache.catalina.core.DefaultInstanceManager.newInstance(DefaultInstanceManager.java:143)
	at org.apache.catalina.core.StandardWrapper.loadServlet(StandardWrapper.java:1020)
	at org.apache.catalina.core.StandardWrapper.allocate(StandardWrapper.java:747)
	at org.apache.catalina.core.StandardWrapperValve.invoke(StandardWrapperValve.java:116)
	at org.apache.catalina.core.StandardContextValve.invoke(StandardContextValve.java:90)
	at org.apache.catalina.authenticator.AuthenticatorBase.invoke(AuthenticatorBase.java:481)
	at org.apache.catalina.core.StandardHostValve.invoke(StandardHostValve.java:130)
	at org.apache.catalina.valves.ErrorReportValve.invoke(ErrorReportValve.java:93)
	at org.apache.catalina.valves.AbstractAccessLogValve.invoke(AbstractAccessLogValve.java:670)
	at org.apache.catalina.core.StandardEngineValve.invoke(StandardEngineValve.java:74)
	at org.apache.catalina.connector.CoyoteAdapter.service(CoyoteAdapter.java:346)
	at org.apache.coyote.http11.Http11Processor.service(Http11Processor.java:390)
	at org.apache.coyote.AbstractProcessorLight.process(AbstractProcessorLight.java:63)
	at org.apache.coyote.AbstractProtocol$ConnectionHandler.process(AbstractProtocol.java:928)
	at org.apache.tomcat.util.net.NioEndpoint$SocketProcessor.doRun(NioEndpoint.java:1786)
	at org.apache.tomcat.util.net.SocketProcessorBase.run(SocketProcessorBase.java:52)
	at org.apache.tomcat.util.threads.ThreadPoolExecutor.runWorker(ThreadPoolExecutor.java:1191)
	at org.apache.tomcat.util.threads.ThreadPoolExecutor$Worker.run(ThreadPoolExecutor.java:659)
	at org.apache.tomcat.util.threads.TaskThread$WrappingRunnable.run(TaskThread.java:63)
	at java.base/java.lang.Thread.run(Thread.java:1583)
java.sql.SQLException: No suitable driver found for null/first_database
	at java.sql/java.sql.DriverManager.getConnection(DriverManager.java:708)
	at java.sql/java.sql.DriverManager.getConnection(DriverManager.java:230)
	at lt.mindaugas.customer_app.DatabaseConnector.getConnection(DatabaseConnector.java:35)
	at lt.mindaugas.customer_app.CustomerService.getAllCustomers(CustomerService.java:21)
	at lt.mindaugas.customer_app.CustomerListServlet.doGet(CustomerListServlet.java:27)
	at javax.servlet.http.HttpServlet.service(HttpServlet.java:529)
	at javax.servlet.http.HttpServlet.service(HttpServlet.java:623)
	at org.apache.catalina.core.ApplicationFilterChain.internalDoFilter(ApplicationFilterChain.java:210)
	at org.apache.catalina.core.ApplicationFilterChain.doFilter(ApplicationFilterChain.java:154)
	at org.apache.tomcat.websocket.server.WsFilter.doFilter(WsFilter.java:51)
	at org.apache.catalina.core.ApplicationFilterChain.internalDoFilter(ApplicationFilterChain.java:179)
	at org.apache.catalina.core.ApplicationFilterChain.doFilter(ApplicationFilterChain.java:154)
	at org.apache.catalina.core.StandardWrapperValve.invoke(StandardWrapperValve.java:168)
	at org.apache.catalina.core.StandardContextValve.invoke(StandardContextValve.java:90)
	at org.apache.catalina.authenticator.AuthenticatorBase.invoke(AuthenticatorBase.java:481)
	at org.apache.catalina.core.StandardHostValve.invoke(StandardHostValve.java:130)
	at org.apache.catalina.valves.ErrorReportValve.invoke(ErrorReportValve.java:93)
	at org.apache.catalina.valves.AbstractAccessLogValve.invoke(AbstractAccessLogValve.java:670)
	at org.apache.catalina.core.StandardEngineValve.invoke(StandardEngineValve.java:74)
	at org.apache.catalina.connector.CoyoteAdapter.service(CoyoteAdapter.java:346)
	at org.apache.coyote.http11.Http11Processor.service(Http11Processor.java:390)
	at org.apache.coyote.AbstractProcessorLight.process(AbstractProcessorLight.java:63)
	at org.apache.coyote.AbstractProtocol$ConnectionHandler.process(AbstractProtocol.java:928)
	at org.apache.tomcat.util.net.NioEndpoint$SocketProcessor.doRun(NioEndpoint.java:1786)
	at org.apache.tomcat.util.net.SocketProcessorBase.run(SocketProcessorBase.java:52)
	at org.apache.tomcat.util.threads.ThreadPoolExecutor.runWorker(ThreadPoolExecutor.java:1191)
	at org.apache.tomcat.util.threads.ThreadPoolExecutor$Worker.run(ThreadPoolExecutor.java:659)
	at org.apache.tomcat.util.threads.TaskThread$WrappingRunnable.run(TaskThread.java:63)
	at java.base/java.lang.Thread.run(Thread.java:1583)
10-Apr-2024 12:58:30.575 INFO [http-nio-8072-exec-23] org.apache.catalina.startup.HostConfig.undeploy Undeploying context [/project_customer_app]
10-Apr-2024 12:58:37.883 INFO [http-nio-8072-exec-25] org.apache.catalina.startup.HostConfig.deployWAR Deploying web application archive [C:\tomcat_servers\apache_tomcat_9_0_87\webapps\project_customer_app.war]
10-Apr-2024 12:58:38.398 INFO [http-nio-8072-exec-25] org.apache.jasper.servlet.TldScanner.scanJars At least one JAR was scanned for TLDs yet contained no TLDs. Enable debug logging for this logger for a complete list of JARs that were scanned but no TLDs were found in them. Skipping unneeded JARs during scanning can improve startup time and JSP compilation time.
10-Apr-2024 12:58:38.402 INFO [http-nio-8072-exec-25] org.apache.catalina.startup.HostConfig.deployWAR Deployment of web application archive [C:\tomcat_servers\apache_tomcat_9_0_87\webapps\project_customer_app.war] has finished in [518] ms
java.io.FileNotFoundException: .\WEB-INF\classes\db.properties (The system cannot find the path specified)
	at java.base/java.io.FileInputStream.open0(Native Method)
	at java.base/java.io.FileInputStream.open(FileInputStream.java:213)
	at java.base/java.io.FileInputStream.<init>(FileInputStream.java:152)
	at java.base/java.io.FileInputStream.<init>(FileInputStream.java:106)
	at lt.mindaugas.customer_app.DatabaseConnector.getProperties(DatabaseConnector.java:22)
	at lt.mindaugas.customer_app.DatabaseConnector.<init>(DatabaseConnector.java:17)
	at lt.mindaugas.customer_app.CustomerService.<init>(CustomerService.java:13)
	at lt.mindaugas.customer_app.CustomerListServlet.<init>(CustomerListServlet.java:19)
	at java.base/jdk.internal.reflect.DirectConstructorHandleAccessor.newInstance(DirectConstructorHandleAccessor.java:62)
	at java.base/java.lang.reflect.Constructor.newInstanceWithCaller(Constructor.java:502)
	at java.base/java.lang.reflect.Constructor.newInstance(Constructor.java:486)
	at org.apache.catalina.core.DefaultInstanceManager.newInstance(DefaultInstanceManager.java:143)
	at org.apache.catalina.core.StandardWrapper.loadServlet(StandardWrapper.java:1020)
	at org.apache.catalina.core.StandardWrapper.allocate(StandardWrapper.java:747)
	at org.apache.catalina.core.StandardWrapperValve.invoke(StandardWrapperValve.java:116)
	at org.apache.catalina.core.StandardContextValve.invoke(StandardContextValve.java:90)
	at org.apache.catalina.authenticator.AuthenticatorBase.invoke(AuthenticatorBase.java:481)
	at org.apache.catalina.core.StandardHostValve.invoke(StandardHostValve.java:130)
	at org.apache.catalina.valves.ErrorReportValve.invoke(ErrorReportValve.java:93)
	at org.apache.catalina.valves.AbstractAccessLogValve.invoke(AbstractAccessLogValve.java:670)
	at org.apache.catalina.core.StandardEngineValve.invoke(StandardEngineValve.java:74)
	at org.apache.catalina.connector.CoyoteAdapter.service(CoyoteAdapter.java:346)
	at org.apache.coyote.http11.Http11Processor.service(Http11Processor.java:390)
	at org.apache.coyote.AbstractProcessorLight.process(AbstractProcessorLight.java:63)
	at org.apache.coyote.AbstractProtocol$ConnectionHandler.process(AbstractProtocol.java:928)
	at org.apache.tomcat.util.net.NioEndpoint$SocketProcessor.doRun(NioEndpoint.java:1786)
	at org.apache.tomcat.util.net.SocketProcessorBase.run(SocketProcessorBase.java:52)
	at org.apache.tomcat.util.threads.ThreadPoolExecutor.runWorker(ThreadPoolExecutor.java:1191)
	at org.apache.tomcat.util.threads.ThreadPoolExecutor$Worker.run(ThreadPoolExecutor.java:659)
	at org.apache.tomcat.util.threads.TaskThread$WrappingRunnable.run(TaskThread.java:63)
	at java.base/java.lang.Thread.run(Thread.java:1583)
java.sql.SQLException: No suitable driver found for null/first_database
	at java.sql/java.sql.DriverManager.getConnection(DriverManager.java:708)
	at java.sql/java.sql.DriverManager.getConnection(DriverManager.java:230)
	at lt.mindaugas.customer_app.DatabaseConnector.getConnection(DatabaseConnector.java:35)
	at lt.mindaugas.customer_app.CustomerService.getAllCustomers(CustomerService.java:21)
	at lt.mindaugas.customer_app.CustomerListServlet.doGet(CustomerListServlet.java:27)
	at javax.servlet.http.HttpServlet.service(HttpServlet.java:529)
	at javax.servlet.http.HttpServlet.service(HttpServlet.java:623)
	at org.apache.catalina.core.ApplicationFilterChain.internalDoFilter(ApplicationFilterChain.java:210)
	at org.apache.catalina.core.ApplicationFilterChain.doFilter(ApplicationFilterChain.java:154)
	at org.apache.tomcat.websocket.server.WsFilter.doFilter(WsFilter.java:51)
	at org.apache.catalina.core.ApplicationFilterChain.internalDoFilter(ApplicationFilterChain.java:179)
	at org.apache.catalina.core.ApplicationFilterChain.doFilter(ApplicationFilterChain.java:154)
	at org.apache.catalina.core.StandardWrapperValve.invoke(StandardWrapperValve.java:168)
	at org.apache.catalina.core.StandardContextValve.invoke(StandardContextValve.java:90)
	at org.apache.catalina.authenticator.AuthenticatorBase.invoke(AuthenticatorBase.java:481)
	at org.apache.catalina.core.StandardHostValve.invoke(StandardHostValve.java:130)
	at org.apache.catalina.valves.ErrorReportValve.invoke(ErrorReportValve.java:93)
	at org.apache.catalina.valves.AbstractAccessLogValve.invoke(AbstractAccessLogValve.java:670)
	at org.apache.catalina.core.StandardEngineValve.invoke(StandardEngineValve.java:74)
	at org.apache.catalina.connector.CoyoteAdapter.service(CoyoteAdapter.java:346)
	at org.apache.coyote.http11.Http11Processor.service(Http11Processor.java:390)
	at org.apache.coyote.AbstractProcessorLight.process(AbstractProcessorLight.java:63)
	at org.apache.coyote.AbstractProtocol$ConnectionHandler.process(AbstractProtocol.java:928)
	at org.apache.tomcat.util.net.NioEndpoint$SocketProcessor.doRun(NioEndpoint.java:1786)
	at org.apache.tomcat.util.net.SocketProcessorBase.run(SocketProcessorBase.java:52)
	at org.apache.tomcat.util.threads.ThreadPoolExecutor.runWorker(ThreadPoolExecutor.java:1191)
	at org.apache.tomcat.util.threads.ThreadPoolExecutor$Worker.run(ThreadPoolExecutor.java:659)
	at org.apache.tomcat.util.threads.TaskThread$WrappingRunnable.run(TaskThread.java:63)
	at java.base/java.lang.Thread.run(Thread.java:1583)
10-Apr-2024 13:02:16.825 INFO [http-nio-8072-exec-31] org.apache.catalina.startup.HostConfig.undeploy Undeploying context [/project_customer_app]
10-Apr-2024 13:02:23.113 INFO [http-nio-8072-exec-37] org.apache.catalina.startup.HostConfig.deployWAR Deploying web application archive [C:\tomcat_servers\apache_tomcat_9_0_87\webapps\project_customer_app.war]
10-Apr-2024 13:02:23.529 INFO [http-nio-8072-exec-37] org.apache.jasper.servlet.TldScanner.scanJars At least one JAR was scanned for TLDs yet contained no TLDs. Enable debug logging for this logger for a complete list of JARs that were scanned but no TLDs were found in them. Skipping unneeded JARs during scanning can improve startup time and JSP compilation time.
10-Apr-2024 13:02:23.532 INFO [http-nio-8072-exec-37] org.apache.catalina.startup.HostConfig.deployWAR Deployment of web application archive [C:\tomcat_servers\apache_tomcat_9_0_87\webapps\project_customer_app.war] has finished in [419] ms
java.sql.SQLException: No suitable driver found for jdbc:mysql://localhost:3333/first_database
	at java.sql/java.sql.DriverManager.getConnection(DriverManager.java:708)
	at java.sql/java.sql.DriverManager.getConnection(DriverManager.java:230)
	at lt.mindaugas.customer_app.DatabaseConnector.getConnection(DatabaseConnector.java:35)
	at lt.mindaugas.customer_app.CustomerService.getAllCustomers(CustomerService.java:21)
	at lt.mindaugas.customer_app.CustomerListServlet.doGet(CustomerListServlet.java:27)
	at javax.servlet.http.HttpServlet.service(HttpServlet.java:529)
	at javax.servlet.http.HttpServlet.service(HttpServlet.java:623)
	at org.apache.catalina.core.ApplicationFilterChain.internalDoFilter(ApplicationFilterChain.java:210)
	at org.apache.catalina.core.ApplicationFilterChain.doFilter(ApplicationFilterChain.java:154)
	at org.apache.tomcat.websocket.server.WsFilter.doFilter(WsFilter.java:51)
	at org.apache.catalina.core.ApplicationFilterChain.internalDoFilter(ApplicationFilterChain.java:179)
	at org.apache.catalina.core.ApplicationFilterChain.doFilter(ApplicationFilterChain.java:154)
	at org.apache.catalina.core.StandardWrapperValve.invoke(StandardWrapperValve.java:168)
	at org.apache.catalina.core.StandardContextValve.invoke(StandardContextValve.java:90)
	at org.apache.catalina.authenticator.AuthenticatorBase.invoke(AuthenticatorBase.java:481)
	at org.apache.catalina.core.StandardHostValve.invoke(StandardHostValve.java:130)
	at org.apache.catalina.valves.ErrorReportValve.invoke(ErrorReportValve.java:93)
	at org.apache.catalina.valves.AbstractAccessLogValve.invoke(AbstractAccessLogValve.java:670)
	at org.apache.catalina.core.StandardEngineValve.invoke(StandardEngineValve.java:74)
	at org.apache.catalina.connector.CoyoteAdapter.service(CoyoteAdapter.java:346)
	at org.apache.coyote.http11.Http11Processor.service(Http11Processor.java:390)
	at org.apache.coyote.AbstractProcessorLight.process(AbstractProcessorLight.java:63)
	at org.apache.coyote.AbstractProtocol$ConnectionHandler.process(AbstractProtocol.java:928)
	at org.apache.tomcat.util.net.NioEndpoint$SocketProcessor.doRun(NioEndpoint.java:1786)
	at org.apache.tomcat.util.net.SocketProcessorBase.run(SocketProcessorBase.java:52)
	at org.apache.tomcat.util.threads.ThreadPoolExecutor.runWorker(ThreadPoolExecutor.java:1191)
	at org.apache.tomcat.util.threads.ThreadPoolExecutor$Worker.run(ThreadPoolExecutor.java:659)
	at org.apache.tomcat.util.threads.TaskThread$WrappingRunnable.run(TaskThread.java:63)
	at java.base/java.lang.Thread.run(Thread.java:1583)
